H:\Visual Studio 2010\Projects\FYP_Third_Draft\Debug\FYP_Third_Draft.pdb
H:\VISUAL STUDIO 2010\PROJECTS\FYP_THIRD_DRAFT\FYP_THIRD_DRAFT\DEBUG\CALC_FEATURES.OBJ
H:\VISUAL STUDIO 2010\PROJECTS\FYP_THIRD_DRAFT\FYP_THIRD_DRAFT\DEBUG\CALC_METRICS_(MAPPING).OBJ
H:\Visual Studio 2010\Projects\FYP_Third_Draft\FYP_Third_Draft\Debug\cl.command.1.tlog
H:\Visual Studio 2010\Projects\FYP_Third_Draft\FYP_Third_Draft\Debug\CL.read.1.tlog
H:\Visual Studio 2010\Projects\FYP_Third_Draft\FYP_Third_Draft\Debug\CL.write.1.tlog
H:\VISUAL STUDIO 2010\PROJECTS\FYP_THIRD_DRAFT\FYP_THIRD_DRAFT\DEBUG\CLASS_SORTING.OBJ
H:\Visual Studio 2010\Projects\FYP_Third_Draft\FYP_Third_Draft\Debug\FYP_Third_Draft.exe.embed.manifest
H:\VISUAL STUDIO 2010\PROJECTS\FYP_THIRD_DRAFT\FYP_THIRD_DRAFT\DEBUG\FYP_THIRD_DRAFT.EXE.EMBED.MANIFEST.RES
H:\Visual Studio 2010\Projects\FYP_Third_Draft\FYP_Third_Draft\Debug\FYP_Third_Draft.exe.intermediate.manifest
H:\VISUAL STUDIO 2010\PROJECTS\FYP_THIRD_DRAFT\FYP_THIRD_DRAFT\DEBUG\FYP_THIRD_DRAFT.RES
H:\Visual Studio 2010\Projects\FYP_Third_Draft\FYP_Third_Draft\Debug\FYP_Third_Draft_manifest.rc
H:\VISUAL STUDIO 2010\PROJECTS\FYP_THIRD_DRAFT\FYP_THIRD_DRAFT\DEBUG\HELPER_FUNCTIONS.OBJ
H:\VISUAL STUDIO 2010\PROJECTS\FYP_THIRD_DRAFT\FYP_THIRD_DRAFT\DEBUG\INITIALIZATION.OBJ
H:\Visual Studio 2010\Projects\FYP_Third_Draft\FYP_Third_Draft\Debug\link.command.1.tlog
H:\Visual Studio 2010\Projects\FYP_Third_Draft\FYP_Third_Draft\Debug\link.read.1.tlog
H:\Visual Studio 2010\Projects\FYP_Third_Draft\FYP_Third_Draft\Debug\link.write.1.tlog
H:\Visual Studio 2010\Projects\FYP_Third_Draft\FYP_Third_Draft\Debug\link-cvtres.read.1.tlog
H:\Visual Studio 2010\Projects\FYP_Third_Draft\FYP_Third_Draft\Debug\link-cvtres.write.1.tlog
H:\VISUAL STUDIO 2010\PROJECTS\FYP_THIRD_DRAFT\FYP_THIRD_DRAFT\DEBUG\LINKED_LIST.OBJ
H:\VISUAL STUDIO 2010\PROJECTS\FYP_THIRD_DRAFT\FYP_THIRD_DRAFT\DEBUG\LOAD_HISTORY.OBJ
H:\VISUAL STUDIO 2010\PROJECTS\FYP_THIRD_DRAFT\FYP_THIRD_DRAFT\DEBUG\MAIN.OBJ
H:\VISUAL STUDIO 2010\PROJECTS\FYP_THIRD_DRAFT\FYP_THIRD_DRAFT\DEBUG\PREDICT_RATING.OBJ
H:\VISUAL STUDIO 2010\PROJECTS\FYP_THIRD_DRAFT\FYP_THIRD_DRAFT\DEBUG\PROCESS_FILE.OBJ
H:\VISUAL STUDIO 2010\PROJECTS\FYP_THIRD_DRAFT\FYP_THIRD_DRAFT\DEBUG\PROCESS_TEST.OBJ
H:\Visual Studio 2010\Projects\FYP_Third_Draft\FYP_Third_Draft\Debug\rc.command.1.tlog
H:\Visual Studio 2010\Projects\FYP_Third_Draft\FYP_Third_Draft\Debug\rc.read.1.tlog
H:\Visual Studio 2010\Projects\FYP_Third_Draft\FYP_Third_Draft\Debug\rc.write.1.tlog
H:\VISUAL STUDIO 2010\PROJECTS\FYP_THIRD_DRAFT\FYP_THIRD_DRAFT\DEBUG\USER_PROFILING.OBJ
H:\Visual Studio 2010\Projects\FYP_Third_Draft\FYP_Third_Draft\Debug\vc100.idb
H:\VISUAL STUDIO 2010\PROJECTS\FYP_THIRD_DRAFT\FYP_THIRD_DRAFT\DEBUG\VC100.PDB
