H:\VISUAL STUDIO 2010\PROJECTS\FYP_DRAFT_NO_6\FYP_THIRD_DRAFT\X64\DEBUG\CALC_FEATURES.OBJ
H:\VISUAL STUDIO 2010\PROJECTS\FYP_DRAFT_NO_6\FYP_THIRD_DRAFT\X64\DEBUG\CLASS_SORTING.OBJ
H:\VISUAL STUDIO 2010\PROJECTS\FYP_DRAFT_NO_6\FYP_THIRD_DRAFT\X64\DEBUG\DATA_INTEGRATION.OBJ
H:\VISUAL STUDIO 2010\PROJECTS\FYP_DRAFT_NO_6\FYP_THIRD_DRAFT\X64\DEBUG\FILE_PROCESSING.OBJ
H:\VISUAL STUDIO 2010\PROJECTS\FYP_DRAFT_NO_6\FYP_THIRD_DRAFT\X64\DEBUG\FYP_THIRD_DRAFT.EXE.EMBED.MANIFEST
H:\VISUAL STUDIO 2010\PROJECTS\FYP_DRAFT_NO_6\FYP_THIRD_DRAFT\X64\DEBUG\FYP_THIRD_DRAFT.EXE.EMBED.MANIFEST.RES
H:\VISUAL STUDIO 2010\PROJECTS\FYP_DRAFT_NO_6\FYP_THIRD_DRAFT\X64\DEBUG\FYP_THIRD_DRAFT.EXE.INTERMEDIATE.MANIFEST
H:\VISUAL STUDIO 2010\PROJECTS\FYP_DRAFT_NO_6\FYP_THIRD_DRAFT\X64\DEBUG\FYP_THIRD_DRAFT.RES
H:\VISUAL STUDIO 2010\PROJECTS\FYP_DRAFT_NO_6\FYP_THIRD_DRAFT\X64\DEBUG\INITIALIZATION.OBJ
H:\VISUAL STUDIO 2010\PROJECTS\FYP_DRAFT_NO_6\FYP_THIRD_DRAFT\X64\DEBUG\KD_TREE.OBJ
H:\VISUAL STUDIO 2010\PROJECTS\FYP_DRAFT_NO_6\FYP_THIRD_DRAFT\X64\DEBUG\LINKED_LIST.OBJ
H:\VISUAL STUDIO 2010\PROJECTS\FYP_DRAFT_NO_6\FYP_THIRD_DRAFT\X64\DEBUG\MAIN.OBJ
H:\VISUAL STUDIO 2010\PROJECTS\FYP_DRAFT_NO_6\FYP_THIRD_DRAFT\X64\DEBUG\MAPPING.OBJ
H:\VISUAL STUDIO 2010\PROJECTS\FYP_DRAFT_NO_6\FYP_THIRD_DRAFT\X64\DEBUG\MATLAB_EXECUTION.OBJ
H:\VISUAL STUDIO 2010\PROJECTS\FYP_DRAFT_NO_6\FYP_THIRD_DRAFT\X64\DEBUG\PREDICT_RATING.OBJ
H:\VISUAL STUDIO 2010\PROJECTS\FYP_DRAFT_NO_6\FYP_THIRD_DRAFT\X64\DEBUG\PROCESS_TEST.OBJ
H:\VISUAL STUDIO 2010\PROJECTS\FYP_DRAFT_NO_6\FYP_THIRD_DRAFT\X64\DEBUG\TEXT_READING.OBJ
H:\VISUAL STUDIO 2010\PROJECTS\FYP_DRAFT_NO_6\FYP_THIRD_DRAFT\X64\DEBUG\USER_PROFILING.OBJ
H:\VISUAL STUDIO 2010\PROJECTS\FYP_DRAFT_NO_6\FYP_THIRD_DRAFT\X64\DEBUG\VC100.PDB
H:\VISUAL STUDIO 2010\PROJECTS\FYP_DRAFT_NO_6\FYP_THIRD_DRAFT\X64\DEBUG\VOTING_ALGORITHM.OBJ
H:\VISUAL STUDIO 2010\PROJECTS\FYP_DRAFT_NO_6\X64\DEBUG\FYP_THIRD_DRAFT.EXE
H:\VISUAL STUDIO 2010\PROJECTS\FYP_DRAFT_NO_6\X64\DEBUG\FYP_THIRD_DRAFT.ILK
H:\VISUAL STUDIO 2010\PROJECTS\FYP_DRAFT_NO_6\X64\DEBUG\FYP_THIRD_DRAFT.PDB
H:\VISUAL STUDIO 2010\PROJECTS\FYP_DRAFT_NO_7\FYP_THIRD_DRAFT\X64\DEBUG\CALC_FEATURES.OBJ
H:\Visual Studio 2010\Projects\FYP_Draft_No_7\FYP_Third_Draft\x64\Debug\cl.command.1.tlog
H:\Visual Studio 2010\Projects\FYP_Draft_No_7\FYP_Third_Draft\x64\Debug\CL.read.1.tlog
H:\Visual Studio 2010\Projects\FYP_Draft_No_7\FYP_Third_Draft\x64\Debug\CL.write.1.tlog
H:\VISUAL STUDIO 2010\PROJECTS\FYP_DRAFT_NO_7\FYP_THIRD_DRAFT\X64\DEBUG\CLASS_SORTING.OBJ
H:\VISUAL STUDIO 2010\PROJECTS\FYP_DRAFT_NO_7\FYP_THIRD_DRAFT\X64\DEBUG\DATA_INTEGRATION.OBJ
H:\VISUAL STUDIO 2010\PROJECTS\FYP_DRAFT_NO_7\FYP_THIRD_DRAFT\X64\DEBUG\FILE_PROCESSING.OBJ
H:\Visual Studio 2010\Projects\FYP_Draft_No_7\FYP_Third_Draft\x64\Debug\FYP_Third_Draft.exe.embed.manifest
H:\VISUAL STUDIO 2010\PROJECTS\FYP_DRAFT_NO_7\FYP_THIRD_DRAFT\X64\DEBUG\FYP_THIRD_DRAFT.EXE.EMBED.MANIFEST.RES
H:\VISUAL STUDIO 2010\PROJECTS\FYP_DRAFT_NO_7\FYP_THIRD_DRAFT\X64\DEBUG\FYP_THIRD_DRAFT.EXE.INTERMEDIATE.MANIFEST
H:\VISUAL STUDIO 2010\PROJECTS\FYP_DRAFT_NO_7\FYP_THIRD_DRAFT\X64\DEBUG\FYP_THIRD_DRAFT.RES
H:\Visual Studio 2010\Projects\FYP_Draft_No_7\FYP_Third_Draft\x64\Debug\FYP_Third_Draft_manifest.rc
H:\VISUAL STUDIO 2010\PROJECTS\FYP_DRAFT_NO_7\FYP_THIRD_DRAFT\X64\DEBUG\INITIALIZATION.OBJ
H:\VISUAL STUDIO 2010\PROJECTS\FYP_DRAFT_NO_7\FYP_THIRD_DRAFT\X64\DEBUG\KD_TREE.OBJ
H:\Visual Studio 2010\Projects\FYP_Draft_No_7\FYP_Third_Draft\x64\Debug\link.1592.read.1.tlog
H:\Visual Studio 2010\Projects\FYP_Draft_No_7\FYP_Third_Draft\x64\Debug\link.1592.write.1.tlog
H:\Visual Studio 2010\Projects\FYP_Draft_No_7\FYP_Third_Draft\x64\Debug\link.1592-cvtres.read.1.tlog
H:\Visual Studio 2010\Projects\FYP_Draft_No_7\FYP_Third_Draft\x64\Debug\link.1592-cvtres.write.1.tlog
H:\Visual Studio 2010\Projects\FYP_Draft_No_7\FYP_Third_Draft\x64\Debug\link.1804.read.1.tlog
H:\Visual Studio 2010\Projects\FYP_Draft_No_7\FYP_Third_Draft\x64\Debug\link.1804.write.1.tlog
H:\Visual Studio 2010\Projects\FYP_Draft_No_7\FYP_Third_Draft\x64\Debug\link.1804-cvtres.read.1.tlog
H:\Visual Studio 2010\Projects\FYP_Draft_No_7\FYP_Third_Draft\x64\Debug\link.1804-cvtres.write.1.tlog
H:\Visual Studio 2010\Projects\FYP_Draft_No_7\FYP_Third_Draft\x64\Debug\link.3644.read.1.tlog
H:\Visual Studio 2010\Projects\FYP_Draft_No_7\FYP_Third_Draft\x64\Debug\link.3644.write.1.tlog
H:\Visual Studio 2010\Projects\FYP_Draft_No_7\FYP_Third_Draft\x64\Debug\link.3644-cvtres.read.1.tlog
H:\Visual Studio 2010\Projects\FYP_Draft_No_7\FYP_Third_Draft\x64\Debug\link.3644-cvtres.write.1.tlog
H:\Visual Studio 2010\Projects\FYP_Draft_No_7\FYP_Third_Draft\x64\Debug\link.712.read.1.tlog
H:\Visual Studio 2010\Projects\FYP_Draft_No_7\FYP_Third_Draft\x64\Debug\link.712.write.1.tlog
H:\Visual Studio 2010\Projects\FYP_Draft_No_7\FYP_Third_Draft\x64\Debug\link.712-cvtres.read.1.tlog
H:\Visual Studio 2010\Projects\FYP_Draft_No_7\FYP_Third_Draft\x64\Debug\link.712-cvtres.write.1.tlog
H:\Visual Studio 2010\Projects\FYP_Draft_No_7\FYP_Third_Draft\x64\Debug\link.892.read.1.tlog
H:\Visual Studio 2010\Projects\FYP_Draft_No_7\FYP_Third_Draft\x64\Debug\link.892.write.1.tlog
H:\Visual Studio 2010\Projects\FYP_Draft_No_7\FYP_Third_Draft\x64\Debug\link.892-cvtres.read.1.tlog
H:\Visual Studio 2010\Projects\FYP_Draft_No_7\FYP_Third_Draft\x64\Debug\link.892-cvtres.write.1.tlog
H:\Visual Studio 2010\Projects\FYP_Draft_No_7\FYP_Third_Draft\x64\Debug\link.command.1.tlog
H:\Visual Studio 2010\Projects\FYP_Draft_No_7\FYP_Third_Draft\x64\Debug\link.read.1.tlog
H:\Visual Studio 2010\Projects\FYP_Draft_No_7\FYP_Third_Draft\x64\Debug\link.write.1.tlog
H:\Visual Studio 2010\Projects\FYP_Draft_No_7\FYP_Third_Draft\x64\Debug\link-cvtres.read.1.tlog
H:\Visual Studio 2010\Projects\FYP_Draft_No_7\FYP_Third_Draft\x64\Debug\link-cvtres.write.1.tlog
H:\VISUAL STUDIO 2010\PROJECTS\FYP_DRAFT_NO_7\FYP_THIRD_DRAFT\X64\DEBUG\LINKED_LIST.OBJ
H:\VISUAL STUDIO 2010\PROJECTS\FYP_DRAFT_NO_7\FYP_THIRD_DRAFT\X64\DEBUG\MAIN.OBJ
H:\VISUAL STUDIO 2010\PROJECTS\FYP_DRAFT_NO_7\FYP_THIRD_DRAFT\X64\DEBUG\MAPPING.OBJ
H:\VISUAL STUDIO 2010\PROJECTS\FYP_DRAFT_NO_7\FYP_THIRD_DRAFT\X64\DEBUG\MATLAB_EXECUTION.OBJ
H:\Visual Studio 2010\Projects\FYP_Draft_No_7\FYP_Third_Draft\x64\Debug\mt.command.1.tlog
H:\Visual Studio 2010\Projects\FYP_Draft_No_7\FYP_Third_Draft\x64\Debug\mt.read.1.tlog
H:\Visual Studio 2010\Projects\FYP_Draft_No_7\FYP_Third_Draft\x64\Debug\mt.write.1.tlog
H:\VISUAL STUDIO 2010\PROJECTS\FYP_DRAFT_NO_7\FYP_THIRD_DRAFT\X64\DEBUG\PREDICT_RATING.OBJ
H:\VISUAL STUDIO 2010\PROJECTS\FYP_DRAFT_NO_7\FYP_THIRD_DRAFT\X64\DEBUG\PROCESS_TEST.OBJ
H:\VISUAL STUDIO 2010\PROJECTS\FYP_DRAFT_NO_7\FYP_THIRD_DRAFT\X64\DEBUG\QUALIFY.OBJ
H:\Visual Studio 2010\Projects\FYP_Draft_No_7\FYP_Third_Draft\x64\Debug\rc.command.1.tlog
H:\Visual Studio 2010\Projects\FYP_Draft_No_7\FYP_Third_Draft\x64\Debug\rc.read.1.tlog
H:\Visual Studio 2010\Projects\FYP_Draft_No_7\FYP_Third_Draft\x64\Debug\rc.write.1.tlog
H:\VISUAL STUDIO 2010\PROJECTS\FYP_DRAFT_NO_7\FYP_THIRD_DRAFT\X64\DEBUG\TEXT_READING.OBJ
H:\VISUAL STUDIO 2010\PROJECTS\FYP_DRAFT_NO_7\FYP_THIRD_DRAFT\X64\DEBUG\USER_PROFILING.OBJ
H:\Visual Studio 2010\Projects\FYP_Draft_No_7\FYP_Third_Draft\x64\Debug\vc100.idb
H:\VISUAL STUDIO 2010\PROJECTS\FYP_DRAFT_NO_7\FYP_THIRD_DRAFT\X64\DEBUG\VC100.PDB
H:\VISUAL STUDIO 2010\PROJECTS\FYP_DRAFT_NO_7\FYP_THIRD_DRAFT\X64\DEBUG\VOTING_ALGORITHM.OBJ
H:\VISUAL STUDIO 2010\PROJECTS\FYP_DRAFT_NO_7\X64\DEBUG\FYP_THIRD_DRAFT.EXE
H:\VISUAL STUDIO 2010\PROJECTS\FYP_DRAFT_NO_7\X64\DEBUG\FYP_THIRD_DRAFT.ILK
H:\VISUAL STUDIO 2010\PROJECTS\FYP_DRAFT_NO_7\X64\DEBUG\FYP_THIRD_DRAFT.PDB
